<?xml version="1.0" encoding="UTF-8"?>
<!-- Generated by org.testng.reporters.JUnitXMLReporter -->
<testsuite ignored="0" hostname="DESKTOP-1NB441C" failures="0" tests="3" name="Default test" time="7.075" errors="0" timestamp="2025-05-08T11:44:54 IST">
  <testcase classname="testNGPractice.tc01" name="opengoogle" time="2.802"/>
  <testcase classname="testNGPractice.tc01" name="openlocalfile" time="0.348"/>
  <testcase classname="testNGPractice.tc01" name="openlocalik" time="3.855"/>
</testsuite> <!-- Default test -->
