<?xml version="1.0" encoding="UTF-8"?>
<!-- Generated by org.testng.reporters.JUnitXMLReporter -->
<testsuite ignored="0" hostname="DESKTOP-1NB441C" failures="0" tests="6" name="Test Run" time="14.837" errors="0" timestamp="2025-05-08T12:09:16 IST">
  <testcase classname="testNGPractice.tc01" name="opengoogle" time="7.855"/>
  <testcase classname="testNGPractice.tc01" name="openlocalfile" time="0.756"/>
  <testcase classname="testNGPractice.tc01" name="openlocalik" time="5.335"/>
  <testcase classname="testNGPractice.tc02" name="TC1" time="0.005"/>
  <testcase classname="testNGPractice.tc02" name="TC2" time="0.002"/>
  <testcase classname="testNGPractice.tc02" name="TC3" time="0.004"/>
</testsuite> <!-- Test Run -->
